<?xml version="1.0" encoding="UTF-8"?>
<!-- Generated by org.testng.reporters.JUnitReportReporter -->
<testsuite hostname="PUNITP540517L" failures="0" tests="3" name="Datapro.DataProvide" time="3.823" errors="0" timestamp="06 May 2022 13:55:11 GMT" skipped="0">
  <testcase classname="Datapro.DataProvide" name="test" time="2.694"/>
  <testcase classname="Datapro.DataProvide" name="test" time="0.540"/>
  <testcase classname="Datapro.DataProvide" name="test" time="0.589"/>
</testsuite> <!-- Datapro.DataProvide -->
